
sample3.asm

    1                           .bits 16
    2                           
    3                           .text
    4                           
    5                           start:
    6 0000000 BE0000            	mov si, message	 	 
    7 0000003 E80200                    call print_msg
    8                           
    9 0000006 CD20              	int 0x20
   10                           
   11                           print_msg:
   12 0000008 B40E                      mov ah, 0x0E
   13 000000A BB0700                    mov bx, 7 
   14                           loop:
   15 000000D AC                        lodsb
   16 000000E 20C0                      and al, al
   17 0000010 7404                      jz ok
   18 0000012 CD10                      int 0x10
   19 0000014 EBF7                      jmp loop
   20                           ok:
   21 0000016 C3                        ret 
   22                           
   23                           .data
   24                           
   25 0000000 48656C6C6F20576F  message: .ascii 'Hello World!'
              726C6421      
   26                           
   27 000000C 0D0A00                     .byte 0x0D,0x0A,0
   28                           
   29                           
   30                           
